<?xml version="1.0" encoding="UTF-8"?>
<testng-results ignored="0" total="2" passed="2" failed="0" skipped="0">
  <reporter-output>
  </reporter-output>
  <suite started-at="2021-12-27T10:02:44Z" name="Default suite" finished-at="2021-12-27T10:02:53Z" duration-ms="8722">
    <groups>
    </groups>
    <test started-at="2021-12-27T10:02:44Z" name="Default test" finished-at="2021-12-27T10:02:53Z" duration-ms="8722">
      <class name="com.psl.training.EASMProject.TestReports">
        <test-method signature="driverSetup()[pri:0, instance:com.psl.training.EASMProject.TestReports@3c9c0d96]" started-at="2021-12-27T10:02:44Z" name="driverSetup" finished-at="2021-12-27T10:02:53Z" duration-ms="8098" status="PASS">
          <reporter-output>
          </reporter-output>
        </test-method> <!-- driverSetup -->
        <test-method signature="signUp()[pri:0, instance:com.psl.training.EASMProject.TestReports@3c9c0d96]" started-at="2021-12-27T10:02:53Z" name="signUp" finished-at="2021-12-27T10:02:53Z" duration-ms="592" status="PASS">
          <reporter-output>
          </reporter-output>
        </test-method> <!-- signUp -->
      </class> <!-- com.psl.training.EASMProject.TestReports -->
    </test> <!-- Default test -->
  </suite> <!-- Default suite -->
</testng-results>
